COMMAND:
C:\Python314\python.exe C:\Users\kusha\Coding\Learning\A - Levels Full College Perp\Research Papers\IITR\1.proactive_kv_cache\shadowkv_research_upgrade\main\experiments\run_benchmark.py --backend hf --model tiny --device cpu --workload public_dataset --dataset banking77 --n_requests 16 --max_memory_mb 64 --speculative_k 2 --idle_threshold_ms 20 --include_experimental --output_dir C:\Users\kusha\Coding\Learning\A - Levels Full College Perp\Research Papers\IITR\1.proactive_kv_cache\shadowkv_research_upgrade\main\results\cpu_matrix_20260422

STDOUT:


STDERR:

Loading weights:   0%|          | 0/29 [00:00<?, ?it/s]
Loading weights: 100%|##########| 29/29 [00:00<00:00, 45352.28it/s]
[1mGPT2LMHeadModel LOAD REPORT[0m from: sshleifer/tiny-gpt2
Key                                   | Status     |  | 
--------------------------------------+------------+--+-
transformer.h.{0, 1}.attn.masked_bias | UNEXPECTED |  | 

Notes:
- UNEXPECTED:	can be ignored when loading from different task/architecture; not ok if you expect identical arch.
Traceback (most recent call last):
  File "C:\Users\kusha\Coding\Learning\A - Levels Full College Perp\Research Papers\IITR\1.proactive_kv_cache\shadowkv_research_upgrade\main\experiments\run_benchmark.py", line 172, in <module>
    main()
    ~~~~^^
  File "C:\Users\kusha\Coding\Learning\A - Levels Full College Perp\Research Papers\IITR\1.proactive_kv_cache\shadowkv_research_upgrade\main\experiments\run_benchmark.py", line 142, in main
    requests = build_requests(args)
  File "C:\Users\kusha\Coding\Learning\A - Levels Full College Perp\Research Papers\IITR\1.proactive_kv_cache\shadowkv_research_upgrade\main\experiments\run_benchmark.py", line 55, in build_requests
    return make_public_dataset_workload(dataset_name=args.dataset, split=args.dataset_split, n_requests=args.n_requests, seed=args.seed)
  File "C:\Users\kusha\Coding\Learning\A - Levels Full College Perp\Research Papers\IITR\1.proactive_kv_cache\shadowkv_research_upgrade\main\src\proactive_kv_cache\workload.py", line 161, in make_public_dataset_workload
    rows = load_public_text_rows(dataset_name=dataset_name, split=split, limit=n_requests, seed=seed)
  File "C:\Users\kusha\Coding\Learning\A - Levels Full College Perp\Research Papers\IITR\1.proactive_kv_cache\shadowkv_research_upgrade\main\src\proactive_kv_cache\datasets.py", line 230, in load_public_text_rows
    ds = load_dataset(hf_name, split=actual_split, **load_kwargs)
  File "C:\Users\kusha\AppData\Roaming\Python\Python314\site-packages\datasets\load.py", line 1688, in load_dataset
    builder_instance = load_dataset_builder(
        path=path,
    ...<10 lines>...
        **config_kwargs,
    )
  File "C:\Users\kusha\AppData\Roaming\Python\Python314\site-packages\datasets\load.py", line 1315, in load_dataset_builder
    dataset_module = dataset_module_factory(
        path,
    ...<5 lines>...
        cache_dir=cache_dir,
    )
  File "C:\Users\kusha\AppData\Roaming\Python\Python314\site-packages\datasets\load.py", line 1207, in dataset_module_factory
    raise e1 from None
  File "C:\Users\kusha\AppData\Roaming\Python\Python314\site-packages\datasets\load.py", line 1167, in dataset_module_factory
    raise RuntimeError(f"Dataset scripts are no longer supported, but found {filename}")
RuntimeError: Dataset scripts are no longer supported, but found banking77.py
