COMMAND:
C:\Python314\python.exe C:\Users\kusha\Coding\Learning\A - Levels Full College Perp\Research Papers\IITR\1.proactive_kv_cache\shadowkv_research_upgrade\main\experiments\run_benchmark.py --backend hf --model tiny --device cpu --workload public_dataset --dataset xsum --n_requests 16 --max_memory_mb 64 --speculative_k 2 --idle_threshold_ms 20 --include_experimental --output_dir C:\Users\kusha\Coding\Learning\A - Levels Full College Perp\Research Papers\IITR\1.proactive_kv_cache\shadowkv_research_upgrade\main\results\cpu_matrix_20260422

STDOUT:
{
  "no_cache": {
    "mean_latency_ms": 12.220768756378675,
    "p50_latency_ms": 14.11460000963416,
    "p95_latency_ms": 18.625475015142,
    "throughput_rps": 58.82696819570779,
    "service_throughput_rps": 81.82791278805978,
    "hit_rate": 0.0,
    "speculative_hits": 0,
    "speculative_hit_rate": 0.0,
    "speculative_precomputes": 0,
    "speculative_cost_ms": 0.0,
    "wasted_precomputes": 0,
    "wasted_compute_ms": 0.0,
    "wasted_compute_ratio": 0.0,
    "utility_proxy_ms": 0.0,
    "gpu_utilization_pct_mean": null,
    "promotions": 0,
    "demotions": 0,
    "reuse_attempts": 0,
    "reuse_successes": 0,
    "reuse_failures": 0,
    "store_attempts": 0,
    "store_successes": 0,
    "store_skips": 0,
    "bypassed_matches": 0,
    "requests_seen": 16,
    "reused_prefix_tokens_total": 0,
    "recompute_tokens_total": 5038,
    "estimated_tokens_saved_total": 0,
    "saved_latency_estimate_ms": 0.0,
    "store_latency_total_ms": 0.0,
    "full_prefill_latency_total_ms": 195.5323001020588,
    "avg_reused_prefix_tokens": 0.0,
    "reuse_success_rate": 0.0,
    "cache_active_final": false,
    "auto_disabled_reason": null,
    "speedup_vs_no_cache_mean": 1.0,
    "speedup_vs_no_cache_p95": 1.0
  },
  "reactive_prefix_cache": {
    "mean_latency_ms": 6.525468746986007,
    "p50_latency_ms": 6.992350012296811,
    "p95_latency_ms": 8.404674990742933,
    "throughput_rps": 40.29074811223982,
    "service_throughput_rps": 153.2456960217427,
    "hit_rate": 0.0,
    "speculative_hits": 0,
    "speculative_hit_rate": 0.0,
    "speculative_precomputes": 0,
    "speculative_cost_ms": 0.0,
    "wasted_precomputes": 0,
    "wasted_compute_ms": 0.0,
    "wasted_compute_ratio": 0.0,
    "utility_proxy_ms": 0.0,
    "gpu_utilization_pct_mean": null,
    "promotions": 0,
    "demotions": 0,
    "reuse_attempts": 8,
    "reuse_successes": 0,
    "reuse_failures": 0,
    "store_attempts": 2,
    "store_successes": 1,
    "store_skips": 1,
    "bypassed_matches": 14,
    "requests_seen": 16,
    "reused_prefix_tokens_total": 0,
    "recompute_tokens_total": 5038,
    "estimated_tokens_saved_total": 0,
    "saved_latency_estimate_ms": 0.0,
    "store_latency_total_ms": 2.373399998759851,
    "full_prefill_latency_total_ms": 102.03409995301627,
    "avg_reused_prefix_tokens": 0.0,
    "reuse_success_rate": 0.0,
    "cache_active_final": false,
    "auto_disabled_reason": "no_usable_reuse",
    "speedup_vs_no_cache_mean": 1.872780213992017,
    "speedup_vs_no_cache_p95": 2.216085099739901
  },
  "strict_reactive_prefix_cache": {
    "mean_latency_ms": 6.369356253344449,
    "p50_latency_ms": 6.895450002048165,
    "p95_latency_ms": 8.04287501523504,
    "throughput_rps": 30.871641502499973,
    "service_throughput_rps": 157.00173773054627,
    "hit_rate": 0.0,
    "speculative_hits": 0,
    "speculative_hit_rate": 0.0,
    "speculative_precomputes": 0,
    "speculative_cost_ms": 0.0,
    "wasted_precomputes": 0,
    "wasted_compute_ms": 0.0,
    "wasted_compute_ratio": 0.0,
    "utility_proxy_ms": 0.0,
    "gpu_utilization_pct_mean": null,
    "promotions": 0,
    "demotions": 0,
    "reuse_attempts": 8,
    "reuse_successes": 0,
    "reuse_failures": 0,
    "store_attempts": 2,
    "store_successes": 1,
    "store_skips": 1,
    "bypassed_matches": 14,
    "requests_seen": 16,
    "reused_prefix_tokens_total": 0,
    "recompute_tokens_total": 5038,
    "estimated_tokens_saved_total": 0,
    "saved_latency_estimate_ms": 0.0,
    "store_latency_total_ms": 1.584300014656037,
    "full_prefill_latency_total_ms": 100.32540003885515,
    "avg_reused_prefix_tokens": 0.0,
    "reuse_success_rate": 0.0,
    "cache_active_final": false,
    "auto_disabled_reason": "no_usable_reuse",
    "speedup_vs_no_cache_mean": 1.9186819311546188,
    "speedup_vs_no_cache_p95": 2.315773275086471
  },
  "frequency_speculative": {
    "mean_latency_ms": 6.716562496876577,
    "p50_latency_ms": 6.869799995911308,
    "p95_latency_ms": 9.099574999709148,
    "throughput_rps": 24.576164837043095,
    "service_throughput_rps": 148.88568378021242,
    "hit_rate": 0.0,
    "speculative_hits": 0,
    "speculative_hit_rate": 0.0,
    "speculative_precomputes": 0,
    "speculative_cost_ms": 0.0,
    "wasted_precomputes": 0,
    "wasted_compute_ms": 0.0,
    "wasted_compute_ratio": 0.0,
    "utility_proxy_ms": 0.0,
    "gpu_utilization_pct_mean": null,
    "promotions": 0,
    "demotions": 0,
    "reuse_attempts": 8,
    "reuse_successes": 0,
    "reuse_failures": 0,
    "store_attempts": 2,
    "store_successes": 1,
    "store_skips": 1,
    "bypassed_matches": 14,
    "requests_seen": 16,
    "reused_prefix_tokens_total": 0,
    "recompute_tokens_total": 5038,
    "estimated_tokens_saved_total": 0,
    "saved_latency_estimate_ms": 0.0,
    "store_latency_total_ms": 1.5425999881699681,
    "full_prefill_latency_total_ms": 105.92239996185526,
    "avg_reused_prefix_tokens": 0.0,
    "reuse_success_rate": 0.0,
    "cache_active_final": false,
    "auto_disabled_reason": "no_usable_reuse",
    "speedup_vs_no_cache_mean": 1.8194975126132953,
    "speedup_vs_no_cache_p95": 2.0468510909286786
  },
  "shadow_kv": {
    "mean_latency_ms": 6.366262501614983,
    "p50_latency_ms": 6.789500010199845,
    "p95_latency_ms": 8.00107502436731,
    "throughput_rps": 20.61356269309594,
    "service_throughput_rps": 157.07803436416918,
    "hit_rate": 0.0,
    "speculative_hits": 0,
    "speculative_hit_rate": 0.0,
    "speculative_precomputes": 0,
    "speculative_cost_ms": 0.0,
    "wasted_precomputes": 0,
    "wasted_compute_ms": 0.0,
    "wasted_compute_ratio": 0.0,
    "utility_proxy_ms": 0.0,
    "gpu_utilization_pct_mean": null,
    "promotions": 0,
    "demotions": 0,
    "reuse_attempts": 8,
    "reuse_successes": 0,
    "reuse_failures": 0,
    "store_attempts": 2,
    "store_successes": 1,
    "store_skips": 1,
    "bypassed_matches": 14,
    "requests_seen": 16,
    "reused_prefix_tokens_total": 0,
    "recompute_tokens_total": 5038,
    "estimated_tokens_saved_total": 0,
    "saved_latency_estimate_ms": 0.0,
    "store_latency_total_ms": 1.6565000114496797,
    "full_prefill_latency_total_ms": 100.20370001439005,
    "avg_reused_prefix_tokens": 0.0,
    "reuse_success_rate": 0.0,
    "cache_active_final": false,
    "auto_disabled_reason": "no_usable_reuse",
    "speedup_vs_no_cache_mean": 1.9196143346710146,
    "speedup_vs_no_cache_p95": 2.327871562061102
  },
  "config": {
    "backend": "hf",
    "model": "tiny",
    "device": "cpu",
    "dtype": "auto",
    "tensor_parallel_size": 1,
    "disable_native_prefix_caching": false,
    "include_experimental": true,
    "workload": "public_dataset",
    "variant": "high_skew",
    "dataset": "xsum",
    "dataset_split": "train",
    "n_requests": 16,
    "simulate_arrivals": false,
    "max_memory_mb": 64,
    "speculative_k": 2,
    "idle_threshold_ms": 20.0,
    "seed": 42,
    "output_dir": "C:\\Users\\kusha\\Coding\\Learning\\A - Levels Full College Perp\\Research Papers\\IITR\\1.proactive_kv_cache\\shadowkv_research_upgrade\\main\\results\\cpu_matrix_20260422",
    "resolved_model": "sshleifer/tiny-gpt2"
  },
  "capabilities": {
    "supports_external_kv": true,
    "supports_native_prefix_caching": false
  }
}
Saved to C:\Users\kusha\Coding\Learning\A - Levels Full College Perp\Research Papers\IITR\1.proactive_kv_cache\shadowkv_research_upgrade\main\results\cpu_matrix_20260422\benchmark_hf_sshleifer_tiny-gpt2_public_dataset_xsum_cpu.json


STDERR:

Loading weights:   0%|          | 0/29 [00:00<?, ?it/s]
Loading weights: 100%|##########| 29/29 [00:00<00:00, 43425.50it/s]
[1mGPT2LMHeadModel LOAD REPORT[0m from: sshleifer/tiny-gpt2
Key                                   | Status     |  | 
--------------------------------------+------------+--+-
transformer.h.{0, 1}.attn.masked_bias | UNEXPECTED |  | 

Notes:
- UNEXPECTED:	can be ignored when loading from different task/architecture; not ok if you expect identical arch.
