COMMAND:
C:\Python314\python.exe C:\Users\kusha\Coding\Learning\A - Levels Full College Perp\Research Papers\IITR\1.proactive_kv_cache\shadowkv_research_upgrade\main\experiments\run_benchmark.py --backend hf --model tiny --device cpu --workload public_dataset --dataset dolly --n_requests 16 --max_memory_mb 64 --speculative_k 2 --idle_threshold_ms 20 --include_experimental --output_dir C:\Users\kusha\Coding\Learning\A - Levels Full College Perp\Research Papers\IITR\1.proactive_kv_cache\shadowkv_research_upgrade\main\results\cpu_matrix_20260422

STDOUT:
{
  "no_cache": {
    "mean_latency_ms": 3.6616750003304332,
    "p50_latency_ms": 2.6922499819193035,
    "p95_latency_ms": 7.0225000163191,
    "throughput_rps": 216.3685513603153,
    "service_throughput_rps": 273.0990598318417,
    "hit_rate": 0.0,
    "speculative_hits": 0,
    "speculative_hit_rate": 0.0,
    "speculative_precomputes": 0,
    "speculative_cost_ms": 0.0,
    "wasted_precomputes": 0,
    "wasted_compute_ms": 0.0,
    "wasted_compute_ratio": 0.0,
    "utility_proxy_ms": 0.0,
    "gpu_utilization_pct_mean": null,
    "promotions": 0,
    "demotions": 0,
    "reuse_attempts": 0,
    "reuse_successes": 0,
    "reuse_failures": 0,
    "store_attempts": 0,
    "store_successes": 0,
    "store_skips": 0,
    "bypassed_matches": 0,
    "requests_seen": 16,
    "reused_prefix_tokens_total": 0,
    "recompute_tokens_total": 1490,
    "estimated_tokens_saved_total": 0,
    "saved_latency_estimate_ms": 0.0,
    "store_latency_total_ms": 0.0,
    "full_prefill_latency_total_ms": 58.58680000528693,
    "avg_reused_prefix_tokens": 0.0,
    "reuse_success_rate": 0.0,
    "cache_active_final": false,
    "auto_disabled_reason": null,
    "speedup_vs_no_cache_mean": 1.0,
    "speedup_vs_no_cache_p95": 1.0
  },
  "reactive_prefix_cache": {
    "mean_latency_ms": 2.5199000010616146,
    "p50_latency_ms": 2.333500000531785,
    "p95_latency_ms": 3.6297999904491007,
    "throughput_rps": 127.93633886963129,
    "service_throughput_rps": 396.84114432267455,
    "hit_rate": 0.0,
    "speculative_hits": 0,
    "speculative_hit_rate": 0.0,
    "speculative_precomputes": 0,
    "speculative_cost_ms": 0.0,
    "wasted_precomputes": 0,
    "wasted_compute_ms": 0.0,
    "wasted_compute_ratio": 0.0,
    "utility_proxy_ms": 0.0,
    "gpu_utilization_pct_mean": null,
    "promotions": 0,
    "demotions": 0,
    "reuse_attempts": 8,
    "reuse_successes": 0,
    "reuse_failures": 0,
    "store_attempts": 2,
    "store_successes": 1,
    "store_skips": 1,
    "bypassed_matches": 14,
    "requests_seen": 16,
    "reused_prefix_tokens_total": 0,
    "recompute_tokens_total": 1490,
    "estimated_tokens_saved_total": 0,
    "saved_latency_estimate_ms": 0.0,
    "store_latency_total_ms": 1.3552000164054334,
    "full_prefill_latency_total_ms": 38.9632000005804,
    "avg_reused_prefix_tokens": 0.0,
    "reuse_success_rate": 0.0,
    "cache_active_final": false,
    "auto_disabled_reason": "no_usable_reuse",
    "speedup_vs_no_cache_mean": 1.453103297268859,
    "speedup_vs_no_cache_p95": 1.9346796062584797
  },
  "strict_reactive_prefix_cache": {
    "mean_latency_ms": 3.004656253324356,
    "p50_latency_ms": 2.31875000463333,
    "p95_latency_ms": 6.549800003995188,
    "throughput_rps": 87.02060484983868,
    "service_throughput_rps": 332.8167735971789,
    "hit_rate": 0.0,
    "speculative_hits": 0,
    "speculative_hit_rate": 0.0,
    "speculative_precomputes": 0,
    "speculative_cost_ms": 0.0,
    "wasted_precomputes": 0,
    "wasted_compute_ms": 0.0,
    "wasted_compute_ratio": 0.0,
    "utility_proxy_ms": 0.0,
    "gpu_utilization_pct_mean": null,
    "promotions": 0,
    "demotions": 0,
    "reuse_attempts": 8,
    "reuse_successes": 0,
    "reuse_failures": 0,
    "store_attempts": 2,
    "store_successes": 1,
    "store_skips": 1,
    "bypassed_matches": 14,
    "requests_seen": 16,
    "reused_prefix_tokens_total": 0,
    "recompute_tokens_total": 1490,
    "estimated_tokens_saved_total": 0,
    "saved_latency_estimate_ms": 0.0,
    "store_latency_total_ms": 1.4112000062596053,
    "full_prefill_latency_total_ms": 46.66330004693009,
    "avg_reused_prefix_tokens": 0.0,
    "reuse_success_rate": 0.0,
    "cache_active_final": false,
    "auto_disabled_reason": "no_usable_reuse",
    "speedup_vs_no_cache_mean": 1.2186668595714238,
    "speedup_vs_no_cache_p95": 1.072170144437323
  },
  "frequency_speculative": {
    "mean_latency_ms": 3.0004062500665896,
    "p50_latency_ms": 2.64094999874942,
    "p95_latency_ms": 5.521024992049206,
    "throughput_rps": 64.54098250976057,
    "service_throughput_rps": 333.28820054877787,
    "hit_rate": 0.0,
    "speculative_hits": 0,
    "speculative_hit_rate": 0.0,
    "speculative_precomputes": 0,
    "speculative_cost_ms": 0.0,
    "wasted_precomputes": 0,
    "wasted_compute_ms": 0.0,
    "wasted_compute_ratio": 0.0,
    "utility_proxy_ms": 0.0,
    "gpu_utilization_pct_mean": null,
    "promotions": 0,
    "demotions": 0,
    "reuse_attempts": 8,
    "reuse_successes": 0,
    "reuse_failures": 0,
    "store_attempts": 2,
    "store_successes": 1,
    "store_skips": 1,
    "bypassed_matches": 14,
    "requests_seen": 16,
    "reused_prefix_tokens_total": 0,
    "recompute_tokens_total": 1490,
    "estimated_tokens_saved_total": 0,
    "saved_latency_estimate_ms": 0.0,
    "store_latency_total_ms": 1.708600000711158,
    "full_prefill_latency_total_ms": 46.297900000354275,
    "avg_reused_prefix_tokens": 0.0,
    "reuse_success_rate": 0.0,
    "cache_active_final": false,
    "auto_disabled_reason": "no_usable_reuse",
    "speedup_vs_no_cache_mean": 1.2203930718545757,
    "speedup_vs_no_cache_p95": 1.2719558463205942
  },
  "shadow_kv": {
    "mean_latency_ms": 3.065431254071882,
    "p50_latency_ms": 2.693300004466437,
    "p95_latency_ms": 5.792125011794269,
    "throughput_rps": 51.4152860875601,
    "service_throughput_rps": 326.2183742244023,
    "hit_rate": 0.0,
    "speculative_hits": 0,
    "speculative_hit_rate": 0.0,
    "speculative_precomputes": 0,
    "speculative_cost_ms": 0.0,
    "wasted_precomputes": 0,
    "wasted_compute_ms": 0.0,
    "wasted_compute_ratio": 0.0,
    "utility_proxy_ms": 0.0,
    "gpu_utilization_pct_mean": null,
    "promotions": 0,
    "demotions": 0,
    "reuse_attempts": 8,
    "reuse_successes": 0,
    "reuse_failures": 0,
    "store_attempts": 2,
    "store_successes": 1,
    "store_skips": 1,
    "bypassed_matches": 14,
    "requests_seen": 16,
    "reused_prefix_tokens_total": 0,
    "recompute_tokens_total": 1490,
    "estimated_tokens_saved_total": 0,
    "saved_latency_estimate_ms": 0.0,
    "store_latency_total_ms": 1.6012000269256532,
    "full_prefill_latency_total_ms": 47.44570003822446,
    "avg_reused_prefix_tokens": 0.0,
    "reuse_success_rate": 0.0,
    "cache_active_final": false,
    "auto_disabled_reason": "no_usable_reuse",
    "speedup_vs_no_cache_mean": 1.1945056655459316,
    "speedup_vs_no_cache_p95": 1.2124220388923699
  },
  "config": {
    "backend": "hf",
    "model": "tiny",
    "device": "cpu",
    "dtype": "auto",
    "tensor_parallel_size": 1,
    "disable_native_prefix_caching": false,
    "include_experimental": true,
    "workload": "public_dataset",
    "variant": "high_skew",
    "dataset": "dolly",
    "dataset_split": "train",
    "n_requests": 16,
    "simulate_arrivals": false,
    "max_memory_mb": 64,
    "speculative_k": 2,
    "idle_threshold_ms": 20.0,
    "seed": 42,
    "output_dir": "C:\\Users\\kusha\\Coding\\Learning\\A - Levels Full College Perp\\Research Papers\\IITR\\1.proactive_kv_cache\\shadowkv_research_upgrade\\main\\results\\cpu_matrix_20260422",
    "resolved_model": "sshleifer/tiny-gpt2"
  },
  "capabilities": {
    "supports_external_kv": true,
    "supports_native_prefix_caching": false
  }
}
Saved to C:\Users\kusha\Coding\Learning\A - Levels Full College Perp\Research Papers\IITR\1.proactive_kv_cache\shadowkv_research_upgrade\main\results\cpu_matrix_20260422\benchmark_hf_sshleifer_tiny-gpt2_public_dataset_dolly_cpu.json


STDERR:

Loading weights:   0%|          | 0/29 [00:00<?, ?it/s]
Loading weights: 100%|##########| 29/29 [00:00<00:00, 35083.59it/s]
[1mGPT2LMHeadModel LOAD REPORT[0m from: sshleifer/tiny-gpt2
Key                                   | Status     |  | 
--------------------------------------+------------+--+-
transformer.h.{0, 1}.attn.masked_bias | UNEXPECTED |  | 

Notes:
- UNEXPECTED:	can be ignored when loading from different task/architecture; not ok if you expect identical arch.
C:\Users\kusha\AppData\Roaming\Python\Python314\site-packages\huggingface_hub\file_download.py:129: UserWarning: `huggingface_hub` cache-system uses symlinks by default to efficiently store duplicated files but your machine does not support them in C:\Users\kusha\.cache\huggingface\hub\datasets--databricks--databricks-dolly-15k. Caching files will still work but in a degraded version that might require more space on your disk. This warning can be disabled by setting the `HF_HUB_DISABLE_SYMLINKS_WARNING` environment variable. For more details, see https://huggingface.co/docs/huggingface_hub/how-to-cache#limitations.
To support symlinks on Windows, you either need to activate Developer Mode or to run Python as an administrator. In order to activate developer mode, see this article: https://docs.microsoft.com/en-us/windows/apps/get-started/enable-your-device-for-development
  warnings.warn(message)

Generating train split:   0%|          | 0/15011 [00:00<?, ? examples/s]
Generating train split: 100%|##########| 15011/15011 [00:00<00:00, 202017.90 examples/s]
