COMMAND:
C:\Python314\python.exe C:\Users\kusha\Coding\Learning\A - Levels Full College Perp\Research Papers\IITR\1.proactive_kv_cache\shadowkv_research_upgrade\main\experiments\run_benchmark.py --backend hf --model tiny --device cpu --workload public_dataset --dataset banking77 --n_requests 16 --max_memory_mb 64 --speculative_k 2 --idle_threshold_ms 20 --include_experimental --output_dir C:\Users\kusha\Coding\Learning\A - Levels Full College Perp\Research Papers\IITR\1.proactive_kv_cache\shadowkv_research_upgrade\main\results\cpu_matrix_fixed_20260422

STDOUT:
{
  "no_cache": {
    "mean_latency_ms": 1.932981249410659,
    "p50_latency_ms": 1.664999988861382,
    "p95_latency_ms": 3.266249994339887,
    "throughput_rps": 399.2783044078441,
    "service_throughput_rps": 517.3355925231489,
    "hit_rate": 0.0,
    "speculative_hits": 0,
    "speculative_hit_rate": 0.0,
    "speculative_precomputes": 0,
    "speculative_cost_ms": 0.0,
    "wasted_precomputes": 0,
    "wasted_compute_ms": 0.0,
    "wasted_compute_ratio": 0.0,
    "utility_proxy_ms": 0.0,
    "gpu_utilization_pct_mean": null,
    "promotions": 0,
    "demotions": 0,
    "reuse_attempts": 0,
    "reuse_successes": 0,
    "reuse_failures": 0,
    "store_attempts": 0,
    "store_successes": 0,
    "store_skips": 0,
    "bypassed_matches": 0,
    "requests_seen": 16,
    "reused_prefix_tokens_total": 0,
    "recompute_tokens_total": 728,
    "estimated_tokens_saved_total": 0,
    "saved_latency_estimate_ms": 0.0,
    "store_latency_total_ms": 0.0,
    "full_prefill_latency_total_ms": 30.927699990570545,
    "avg_reused_prefix_tokens": 0.0,
    "reuse_success_rate": 0.0,
    "cache_active_final": false,
    "auto_disabled_reason": null,
    "speedup_vs_no_cache_mean": 1.0,
    "speedup_vs_no_cache_p95": 1.0
  },
  "reactive_prefix_cache": {
    "mean_latency_ms": 1.686837502347771,
    "p50_latency_ms": 1.586400016094558,
    "p95_latency_ms": 2.326325011381414,
    "throughput_rps": 216.00954759726017,
    "service_throughput_rps": 592.8253306013067,
    "hit_rate": 0.0,
    "speculative_hits": 0,
    "speculative_hit_rate": 0.0,
    "speculative_precomputes": 0,
    "speculative_cost_ms": 0.0,
    "wasted_precomputes": 0,
    "wasted_compute_ms": 0.0,
    "wasted_compute_ratio": 0.0,
    "utility_proxy_ms": 0.0,
    "gpu_utilization_pct_mean": null,
    "promotions": 0,
    "demotions": 0,
    "reuse_attempts": 8,
    "reuse_successes": 0,
    "reuse_failures": 0,
    "store_attempts": 2,
    "store_successes": 1,
    "store_skips": 1,
    "bypassed_matches": 14,
    "requests_seen": 16,
    "reused_prefix_tokens_total": 0,
    "recompute_tokens_total": 728,
    "estimated_tokens_saved_total": 0,
    "saved_latency_estimate_ms": 0.0,
    "store_latency_total_ms": 1.3878000027034432,
    "full_prefill_latency_total_ms": 25.601600034860894,
    "avg_reused_prefix_tokens": 0.0,
    "reuse_success_rate": 0.0,
    "cache_active_final": false,
    "auto_disabled_reason": "no_usable_reuse",
    "speedup_vs_no_cache_mean": 1.145920248228001,
    "speedup_vs_no_cache_p95": 1.404038549368615
  },
  "strict_reactive_prefix_cache": {
    "mean_latency_ms": 1.710393753455719,
    "p50_latency_ms": 1.5985500067472458,
    "p95_latency_ms": 2.2554000024683774,
    "throughput_rps": 147.36669530740826,
    "service_throughput_rps": 584.6606946380487,
    "hit_rate": 0.0,
    "speculative_hits": 0,
    "speculative_hit_rate": 0.0,
    "speculative_precomputes": 0,
    "speculative_cost_ms": 0.0,
    "wasted_precomputes": 0,
    "wasted_compute_ms": 0.0,
    "wasted_compute_ratio": 0.0,
    "utility_proxy_ms": 0.0,
    "gpu_utilization_pct_mean": null,
    "promotions": 0,
    "demotions": 0,
    "reuse_attempts": 8,
    "reuse_successes": 0,
    "reuse_failures": 0,
    "store_attempts": 2,
    "store_successes": 1,
    "store_skips": 1,
    "bypassed_matches": 14,
    "requests_seen": 16,
    "reused_prefix_tokens_total": 0,
    "recompute_tokens_total": 728,
    "estimated_tokens_saved_total": 0,
    "saved_latency_estimate_ms": 0.0,
    "store_latency_total_ms": 1.3258999970275909,
    "full_prefill_latency_total_ms": 26.040400058263913,
    "avg_reused_prefix_tokens": 0.0,
    "reuse_success_rate": 0.0,
    "cache_active_final": false,
    "auto_disabled_reason": "no_usable_reuse",
    "speedup_vs_no_cache_mean": 1.1301381600027591,
    "speedup_vs_no_cache_p95": 1.4481910041523478
  },
  "frequency_speculative": {
    "mean_latency_ms": 1.7023562540998682,
    "p50_latency_ms": 1.5927000204101205,
    "p95_latency_ms": 2.424949998385273,
    "throughput_rps": 107.72205556692091,
    "service_throughput_rps": 587.4211097657443,
    "hit_rate": 0.0,
    "speculative_hits": 0,
    "speculative_hit_rate": 0.0,
    "speculative_precomputes": 0,
    "speculative_cost_ms": 0.0,
    "wasted_precomputes": 0,
    "wasted_compute_ms": 0.0,
    "wasted_compute_ratio": 0.0,
    "utility_proxy_ms": 0.0,
    "gpu_utilization_pct_mean": null,
    "promotions": 0,
    "demotions": 0,
    "reuse_attempts": 8,
    "reuse_successes": 0,
    "reuse_failures": 0,
    "store_attempts": 2,
    "store_successes": 1,
    "store_skips": 1,
    "bypassed_matches": 14,
    "requests_seen": 16,
    "reused_prefix_tokens_total": 0,
    "recompute_tokens_total": 728,
    "estimated_tokens_saved_total": 0,
    "saved_latency_estimate_ms": 0.0,
    "store_latency_total_ms": 1.3614000054076314,
    "full_prefill_latency_total_ms": 25.87630006019026,
    "avg_reused_prefix_tokens": 0.0,
    "reuse_success_rate": 0.0,
    "cache_active_final": false,
    "auto_disabled_reason": "no_usable_reuse",
    "speedup_vs_no_cache_mean": 1.1354739906851843,
    "speedup_vs_no_cache_p95": 1.3469349869130578
  },
  "shadow_kv": {
    "mean_latency_ms": 1.5389874988613883,
    "p50_latency_ms": 1.4660500164609402,
    "p95_latency_ms": 2.01902499247808,
    "throughput_rps": 88.20092169833941,
    "service_throughput_rps": 649.7778576758061,
    "hit_rate": 0.0,
    "speculative_hits": 0,
    "speculative_hit_rate": 0.0,
    "speculative_precomputes": 0,
    "speculative_cost_ms": 0.0,
    "wasted_precomputes": 0,
    "wasted_compute_ms": 0.0,
    "wasted_compute_ratio": 0.0,
    "utility_proxy_ms": 0.0,
    "gpu_utilization_pct_mean": null,
    "promotions": 0,
    "demotions": 0,
    "reuse_attempts": 8,
    "reuse_successes": 0,
    "reuse_failures": 0,
    "store_attempts": 2,
    "store_successes": 1,
    "store_skips": 1,
    "bypassed_matches": 14,
    "requests_seen": 16,
    "reused_prefix_tokens_total": 0,
    "recompute_tokens_total": 728,
    "estimated_tokens_saved_total": 0,
    "saved_latency_estimate_ms": 0.0,
    "store_latency_total_ms": 1.115199993364513,
    "full_prefill_latency_total_ms": 23.5085999884177,
    "avg_reused_prefix_tokens": 0.0,
    "reuse_success_rate": 0.0,
    "cache_active_final": false,
    "auto_disabled_reason": "no_usable_reuse",
    "speedup_vs_no_cache_mean": 1.2560084151695612,
    "speedup_vs_no_cache_p95": 1.617736286825755
  },
  "config": {
    "backend": "hf",
    "model": "tiny",
    "device": "cpu",
    "dtype": "auto",
    "tensor_parallel_size": 1,
    "disable_native_prefix_caching": false,
    "include_experimental": true,
    "workload": "public_dataset",
    "variant": "high_skew",
    "dataset": "banking77",
    "dataset_split": null,
    "n_requests": 16,
    "simulate_arrivals": false,
    "max_memory_mb": 64,
    "speculative_k": 2,
    "idle_threshold_ms": 20.0,
    "seed": 42,
    "output_dir": "C:\\Users\\kusha\\Coding\\Learning\\A - Levels Full College Perp\\Research Papers\\IITR\\1.proactive_kv_cache\\shadowkv_research_upgrade\\main\\results\\cpu_matrix_fixed_20260422",
    "resolved_model": "sshleifer/tiny-gpt2"
  },
  "capabilities": {
    "supports_external_kv": true,
    "supports_native_prefix_caching": false
  }
}
Saved to C:\Users\kusha\Coding\Learning\A - Levels Full College Perp\Research Papers\IITR\1.proactive_kv_cache\shadowkv_research_upgrade\main\results\cpu_matrix_fixed_20260422\benchmark_hf_sshleifer_tiny-gpt2_public_dataset_banking77_cpu.json


STDERR:

Loading weights:   0%|          | 0/29 [00:00<?, ?it/s]
Loading weights: 100%|##########| 29/29 [00:00<00:00, 45761.78it/s]
[1mGPT2LMHeadModel LOAD REPORT[0m from: sshleifer/tiny-gpt2
Key                                   | Status     |  | 
--------------------------------------+------------+--+-
transformer.h.{0, 1}.attn.masked_bias | UNEXPECTED |  | 

Notes:
- UNEXPECTED:	can be ignored when loading from different task/architecture; not ok if you expect identical arch.
C:\Users\kusha\AppData\Roaming\Python\Python314\site-packages\huggingface_hub\file_download.py:129: UserWarning: `huggingface_hub` cache-system uses symlinks by default to efficiently store duplicated files but your machine does not support them in C:\Users\kusha\.cache\huggingface\hub\datasets--mteb--banking77. Caching files will still work but in a degraded version that might require more space on your disk. This warning can be disabled by setting the `HF_HUB_DISABLE_SYMLINKS_WARNING` environment variable. For more details, see https://huggingface.co/docs/huggingface_hub/how-to-cache#limitations.
To support symlinks on Windows, you either need to activate Developer Mode or to run Python as an administrator. In order to activate developer mode, see this article: https://docs.microsoft.com/en-us/windows/apps/get-started/enable-your-device-for-development
  warnings.warn(message)

Generating train split:   0%|          | 0/9993 [00:00<?, ? examples/s]
Generating train split: 100%|##########| 9993/9993 [00:00<00:00, 417446.14 examples/s]

Generating test split:   0%|          | 0/3076 [00:00<?, ? examples/s]
Generating test split: 100%|##########| 3076/3076 [00:00<00:00, 207006.48 examples/s]
